[2024-07-16 00:02:47,982] 97 werkzeug - WARNING -  * Debugger is active!
[2024-07-16 00:02:47,985] 97 werkzeug - INFO -  * Debugger PIN: 854-225-229
[2024-07-16 00:02:53,586] 97 werkzeug - INFO - 127.0.0.1 - - [16/Jul/2024 00:02:53] "GET / HTTP/1.1" 200 -
[2024-07-16 00:02:55,506] 97 werkzeug - INFO - 127.0.0.1 - - [16/Jul/2024 00:02:55] "[33mGET /favicon.ico HTTP/1.1[0m" 404 -
[2024-07-16 00:03:42,183] 18 root - INFO - Form data received
[2024-07-16 00:03:42,184] 33 root - INFO - Custom class instance created successfully
[2024-07-16 00:03:42,195] 65 root - INFO - Data frame created:   Gender Married Dependents     Education Self_Employed  ApplicantIncome  CoapplicantIncome  LoanAmount  Loan_Amount_Term  Credit_History Property_Area
0   male      no          1  Not Graduate            No              120              100.0     12800.0             360.0             0.0         Rural
[2024-07-16 00:03:42,205] 36 root - INFO - Data frame created:   Gender Married Dependents     Education Self_Employed  ApplicantIncome  CoapplicantIncome  LoanAmount  Loan_Amount_Term  Credit_History Property_Area
0   male      no          1  Not Graduate            No              120              100.0     12800.0             360.0             0.0         Rural
[2024-07-16 00:03:42,205] 17 root - INFO - Prediction started
[2024-07-16 00:03:42,205] 20 root - INFO - Loading model from path: notebook/pickle_file\LogisticRegression_Smote.pkl
[2024-07-16 00:03:42,205] 11 root - INFO - Loading pickle file from path: notebook/pickle_file\LogisticRegression_Smote.pkl
[2024-07-16 00:03:42,216] 14 root - INFO - Pickle file loaded successfully
[2024-07-16 00:03:42,217] 23 root - INFO - Model loaded successfully
[2024-07-16 00:03:42,239] 25 root - INFO - Prediction completed: [0]
[2024-07-16 00:03:42,239] 40 root - INFO - Prediction result: [0]
[2024-07-16 00:03:42,241] 97 werkzeug - INFO - 127.0.0.1 - - [16/Jul/2024 00:03:42] "POST / HTTP/1.1" 200 -
[2024-07-16 00:04:28,285] 18 root - INFO - Form data received
[2024-07-16 00:04:28,285] 33 root - INFO - Custom class instance created successfully
[2024-07-16 00:04:28,297] 65 root - INFO - Data frame created:    Gender Married Dependents Education Self_Employed  ApplicantIncome  CoapplicantIncome  LoanAmount  Loan_Amount_Term  Credit_History Property_Area
0  female      no          0  Graduate           Yes            10000               10.0     12900.0             480.0             0.0         Rural
[2024-07-16 00:04:28,306] 36 root - INFO - Data frame created:    Gender Married Dependents Education Self_Employed  ApplicantIncome  CoapplicantIncome  LoanAmount  Loan_Amount_Term  Credit_History Property_Area
0  female      no          0  Graduate           Yes            10000               10.0     12900.0             480.0             0.0         Rural
[2024-07-16 00:04:28,306] 17 root - INFO - Prediction started
[2024-07-16 00:04:28,306] 20 root - INFO - Loading model from path: notebook/pickle_file\LogisticRegression_Smote.pkl
[2024-07-16 00:04:28,306] 11 root - INFO - Loading pickle file from path: notebook/pickle_file\LogisticRegression_Smote.pkl
[2024-07-16 00:04:28,312] 14 root - INFO - Pickle file loaded successfully
[2024-07-16 00:04:28,312] 23 root - INFO - Model loaded successfully
[2024-07-16 00:04:28,326] 25 root - INFO - Prediction completed: [0]
[2024-07-16 00:04:28,327] 40 root - INFO - Prediction result: [0]
[2024-07-16 00:04:28,327] 97 werkzeug - INFO - 127.0.0.1 - - [16/Jul/2024 00:04:28] "POST / HTTP/1.1" 200 -
[2024-07-16 00:05:02,258] 18 root - INFO - Form data received
[2024-07-16 00:05:02,258] 33 root - INFO - Custom class instance created successfully
[2024-07-16 00:05:02,267] 65 root - INFO - Data frame created:    Gender Married Dependents Education Self_Employed  ApplicantIncome  CoapplicantIncome  LoanAmount  Loan_Amount_Term  Credit_History Property_Area
0  female      no          0  Graduate           Yes            10000               10.0     12900.0             480.0             1.0     Semiurban
[2024-07-16 00:05:02,274] 36 root - INFO - Data frame created:    Gender Married Dependents Education Self_Employed  ApplicantIncome  CoapplicantIncome  LoanAmount  Loan_Amount_Term  Credit_History Property_Area
0  female      no          0  Graduate           Yes            10000               10.0     12900.0             480.0             1.0     Semiurban
[2024-07-16 00:05:02,274] 17 root - INFO - Prediction started
[2024-07-16 00:05:02,274] 20 root - INFO - Loading model from path: notebook/pickle_file\LogisticRegression_Smote.pkl
[2024-07-16 00:05:02,274] 11 root - INFO - Loading pickle file from path: notebook/pickle_file\LogisticRegression_Smote.pkl
[2024-07-16 00:05:02,281] 14 root - INFO - Pickle file loaded successfully
[2024-07-16 00:05:02,281] 23 root - INFO - Model loaded successfully
[2024-07-16 00:05:02,298] 25 root - INFO - Prediction completed: [1]
[2024-07-16 00:05:02,299] 40 root - INFO - Prediction result: [1]
[2024-07-16 00:05:02,299] 97 werkzeug - INFO - 127.0.0.1 - - [16/Jul/2024 00:05:02] "POST / HTTP/1.1" 200 -
