[2024-07-15 21:59:05,609] 97 werkzeug - WARNING -  * Debugger is active!
[2024-07-15 21:59:05,609] 97 werkzeug - INFO -  * Debugger PIN: 854-225-229
[2024-07-15 21:59:12,025] 97 werkzeug - INFO - 127.0.0.1 - - [15/Jul/2024 21:59:12] "GET / HTTP/1.1" 200 -
[2024-07-15 22:00:14,969] 18 root - INFO - Form data received
[2024-07-15 22:00:14,974] 33 root - INFO - Custom class instance created successfully
[2024-07-15 22:00:14,996] 64 root - INFO - Data frame created:    Gender Married Dependents     Education Self_Employed  ApplicantIncome  CoapplicantIncome  LoanAmount  Loan_Amount_Term  Credit_History Property_Area
0  female      no          1  Not Graduate            No             2000             1000.0     15000.0              24.0             1.0         Urban
[2024-07-15 22:00:15,001] 36 root - INFO - Data frame created:    Gender Married Dependents     Education Self_Employed  ApplicantIncome  CoapplicantIncome  LoanAmount  Loan_Amount_Term  Credit_History Property_Area
0  female      no          1  Not Graduate            No             2000             1000.0     15000.0              24.0             1.0         Urban
[2024-07-15 22:00:15,001] 16 root - INFO - Prediction started
[2024-07-15 22:00:15,001] 19 root - INFO - Loading model from path: notebook\LogisticRegression_Smote.pkl
[2024-07-15 22:00:15,001] 11 root - INFO - Loading pickle file from path: notebook\LogisticRegression_Smote.pkl
[2024-07-15 22:00:15,023] 14 root - INFO - Pickle file loaded successfully
[2024-07-15 22:00:15,023] 22 root - INFO - Model loaded successfully
[2024-07-15 22:00:15,044] 24 root - INFO - Prediction completed: [1]
[2024-07-15 22:00:15,044] 40 root - INFO - Prediction result: [1]
[2024-07-15 22:00:15,050] 97 werkzeug - INFO - 127.0.0.1 - - [15/Jul/2024 22:00:15] "POST / HTTP/1.1" 200 -
[2024-07-15 22:02:10,329] 18 root - INFO - Form data received
[2024-07-15 22:02:10,332] 33 root - INFO - Custom class instance created successfully
[2024-07-15 22:02:10,345] 64 root - INFO - Data frame created:   Gender Married Dependents Education Self_Employed  ApplicantIncome  CoapplicantIncome  LoanAmount  Loan_Amount_Term  Credit_History Property_Area
0   male     yes          1  Graduate            No             4583             1508.0       128.0             360.0             1.0         Rural
[2024-07-15 22:02:10,354] 36 root - INFO - Data frame created:   Gender Married Dependents Education Self_Employed  ApplicantIncome  CoapplicantIncome  LoanAmount  Loan_Amount_Term  Credit_History Property_Area
0   male     yes          1  Graduate            No             4583             1508.0       128.0             360.0             1.0         Rural
[2024-07-15 22:02:10,354] 16 root - INFO - Prediction started
[2024-07-15 22:02:10,354] 19 root - INFO - Loading model from path: notebook\LogisticRegression_Smote.pkl
[2024-07-15 22:02:10,354] 11 root - INFO - Loading pickle file from path: notebook\LogisticRegression_Smote.pkl
[2024-07-15 22:02:10,364] 14 root - INFO - Pickle file loaded successfully
[2024-07-15 22:02:10,364] 22 root - INFO - Model loaded successfully
[2024-07-15 22:02:10,376] 24 root - INFO - Prediction completed: [1]
[2024-07-15 22:02:10,376] 40 root - INFO - Prediction result: [1]
[2024-07-15 22:02:10,382] 97 werkzeug - INFO - 127.0.0.1 - - [15/Jul/2024 22:02:10] "POST / HTTP/1.1" 200 -
